INPUT_STAGE count: 
----------------------------------------
N-well overlap of P-Diffusion < 0.43um (DF.7)
----------------------------------------
 -12.715um -11.450um -12.650um 0.000um
 -12.650um -11.450um -12.565um 0.000um
 -12.715um -11.905um -12.565um -11.450um
 -12.715um -11.970um -12.565um -11.905um
 -12.715um -12.200um -12.565um -11.970um
 -12.715um -12.265um -12.565um -12.200um
 -12.715um -12.200um -11.315um -12.115um
 -11.315um -12.200um -11.085um -12.115um
 -11.085um -12.200um -10.515um -12.115um
 -10.515um -12.200um -10.285um -12.115um
 -10.285um -12.200um -9.715um -12.115um
 -9.715um -12.200um -9.485um -12.115um
 -9.485um -12.200um -8.915um -12.115um
 -8.915um -12.200um -8.685um -12.115um
 -8.685um -12.200um -8.115um -12.115um
 -8.115um -12.200um -7.885um -12.115um
 -7.885um -12.200um -7.315um -12.115um
 -7.315um -12.200um -7.085um -12.115um
 -7.085um -12.200um -6.515um -12.115um
 -6.515um -12.200um -6.285um -12.115um
 -6.285um -12.200um -5.715um -12.115um
 -5.715um -12.200um -5.485um -12.115um
 -5.485um -12.200um -4.915um -12.115um
 -4.915um -12.200um -4.685um -12.115um
 -4.685um -12.200um -4.115um -12.115um
 -4.115um -12.200um -3.885um -12.115um
 -3.885um -12.200um -3.315um -12.115um
 -3.315um -12.200um -3.085um -12.115um
 -3.085um -12.200um -2.515um -12.115um
 -2.515um -12.200um -2.285um -12.115um
 -2.285um -12.200um -1.715um -12.115um
 -1.715um -12.200um -1.485um -12.115um
 -1.485um -12.200um -0.915um -12.115um
 -0.915um -12.200um -0.685um -12.115um
 -0.685um -12.200um -0.115um -12.115um
 -0.115um -12.200um 0.000um -12.115um
 -12.715um -12.265um 0.000um -12.200um
 -12.715um 57.535um 0.000um 57.600um
 -12.715um 57.450um -11.315um 57.535um
 -11.315um 57.450um -11.085um 57.535um
 -11.085um 57.450um -10.515um 57.535um
 -10.515um 57.450um -10.285um 57.535um
 -10.285um 57.450um -9.715um 57.535um
 -9.715um 57.450um -9.485um 57.535um
 -9.485um 57.450um -8.915um 57.535um
 -8.915um 57.450um -8.685um 57.535um
 -8.685um 57.450um -8.115um 57.535um
 -8.115um 57.450um -7.885um 57.535um
 -7.885um 57.450um -7.315um 57.535um
 -7.315um 57.450um -7.085um 57.535um
 -7.085um 57.450um -6.515um 57.535um
 -6.515um 57.450um -6.285um 57.535um
 -6.285um 57.450um -5.715um 57.535um
 -5.715um 57.450um -5.485um 57.535um
 -5.485um 57.450um -4.915um 57.535um
 -4.915um 57.450um -4.685um 57.535um
 -4.685um 57.450um -4.115um 57.535um
 -4.115um 57.450um -3.885um 57.535um
 -3.885um 57.450um -3.315um 57.535um
 -3.315um 57.450um -3.085um 57.535um
 -3.085um 57.450um -2.515um 57.535um
 -2.515um 57.450um -2.285um 57.535um
 -2.285um 57.450um -1.715um 57.535um
 -1.715um 57.450um -1.485um 57.535um
 -1.485um 57.450um -0.915um 57.535um
 -0.915um 57.450um -0.685um 57.535um
 -0.685um 57.450um -0.115um 57.535um
 -0.115um 57.450um 0.000um 57.535um
 -12.715um 57.535um -12.565um 57.600um
 -12.715um 57.305um -12.565um 57.535um
 -12.715um 57.240um -12.565um 57.305um
 -12.715um 56.785um -12.565um 57.240um
 -12.715um 0.000um -12.650um 56.785um
 -12.650um 0.000um -12.565um 56.785um
 0.000um -12.200um 0.115um -12.115um
 0.115um -12.200um 0.685um -12.115um
 0.685um -12.200um 0.915um -12.115um
 0.915um -12.200um 1.485um -12.115um
 1.485um -12.200um 1.715um -12.115um
 1.715um -12.200um 2.285um -12.115um
 2.285um -12.200um 2.515um -12.115um
 2.515um -12.200um 3.085um -12.115um
 3.085um -12.200um 3.315um -12.115um
 3.315um -12.200um 3.885um -12.115um
 3.885um -12.200um 4.115um -12.115um
 4.115um -12.200um 4.685um -12.115um
 4.685um -12.200um 4.915um -12.115um
 4.915um -12.200um 5.485um -12.115um
 5.485um -12.200um 5.715um -12.115um
 5.715um -12.200um 6.285um -12.115um
 6.285um -12.200um 6.515um -12.115um
 6.515um -12.200um 7.085um -12.115um
 7.085um -12.200um 7.315um -12.115um
 7.315um -12.200um 7.885um -12.115um
 7.885um -12.200um 8.115um -12.115um
 8.115um -12.200um 8.685um -12.115um
 8.685um -12.200um 8.915um -12.115um
 8.915um -12.200um 9.485um -12.115um
 9.485um -12.200um 9.715um -12.115um
 9.715um -12.200um 10.285um -12.115um
 10.285um -12.200um 10.515um -12.115um
 10.515um -12.200um 11.085um -12.115um
 11.085um -12.200um 11.315um -12.115um
 11.315um -12.200um 12.715um -12.115um
 0.000um -12.265um 12.715um -12.200um
 12.565um -11.450um 12.650um 0.000um
 12.650um -11.450um 12.715um 0.000um
 12.565um -11.905um 12.715um -11.450um
 12.565um -11.970um 12.715um -11.905um
 12.565um -12.200um 12.715um -11.970um
 12.565um -12.265um 12.715um -12.200um
 0.000um 57.535um 12.715um 57.600um
 0.000um 57.450um 0.115um 57.535um
 0.115um 57.450um 0.685um 57.535um
 0.685um 57.450um 0.915um 57.535um
 0.915um 57.450um 1.485um 57.535um
 1.485um 57.450um 1.715um 57.535um
 1.715um 57.450um 2.285um 57.535um
 2.285um 57.450um 2.515um 57.535um
 2.515um 57.450um 3.085um 57.535um
 3.085um 57.450um 3.315um 57.535um
 3.315um 57.450um 3.885um 57.535um
 3.885um 57.450um 4.115um 57.535um
 4.115um 57.450um 4.685um 57.535um
 4.685um 57.450um 4.915um 57.535um
 4.915um 57.450um 5.485um 57.535um
 5.485um 57.450um 5.715um 57.535um
 5.715um 57.450um 6.285um 57.535um
 6.285um 57.450um 6.515um 57.535um
 6.515um 57.450um 7.085um 57.535um
 7.085um 57.450um 7.315um 57.535um
 7.315um 57.450um 7.885um 57.535um
 7.885um 57.450um 8.115um 57.535um
 8.115um 57.450um 8.685um 57.535um
 8.685um 57.450um 8.915um 57.535um
 8.915um 57.450um 9.485um 57.535um
 9.485um 57.450um 9.715um 57.535um
 9.715um 57.450um 10.285um 57.535um
 10.285um 57.450um 10.515um 57.535um
 10.515um 57.450um 11.085um 57.535um
 11.085um 57.450um 11.315um 57.535um
 11.315um 57.450um 12.715um 57.535um
 12.565um 57.535um 12.715um 57.600um
 12.565um 57.305um 12.715um 57.535um
 12.565um 57.240um 12.715um 57.305um
 12.565um 56.785um 12.715um 57.240um
 12.565um 0.000um 12.650um 56.785um
 12.650um 0.000um 12.715um 56.785um
----------------------------------------

