CM count: 
----------------------------------------
Metal2 spacing < 0.28um (M2.2a)
----------------------------------------
 -6.530um 4.840um -6.270um 4.950um
 -6.270um 4.840um -5.730um 4.950um
 -5.730um 4.840um -5.470um 4.950um
 -5.470um 4.840um -4.930um 4.950um
 -4.930um 4.840um -4.670um 4.950um
 -4.670um 4.840um -4.130um 4.950um
 -4.130um 4.840um -3.870um 4.950um
 -3.870um 4.840um -3.330um 4.950um
 -3.330um 4.840um -3.070um 4.950um
 -3.070um 4.840um -2.530um 4.950um
 -2.530um 4.840um -2.270um 4.950um
 -2.270um 4.840um -1.730um 4.950um
 -1.730um 4.840um -1.470um 4.950um
 -1.470um 4.840um -0.930um 4.950um
 -0.930um 4.840um -0.670um 4.950um
 -0.670um 4.840um -0.130um 4.950um
 -0.130um 4.840um 0.000um 4.950um
 -6.540um 4.720um 0.000um 4.840um
 0.000um 4.840um 0.130um 4.950um
 0.130um 4.840um 0.670um 4.950um
 0.670um 4.840um 0.930um 4.950um
 0.930um 4.840um 1.470um 4.950um
 1.470um 4.840um 1.730um 4.950um
 1.730um 4.840um 2.270um 4.950um
 2.270um 4.840um 2.530um 4.950um
 2.530um 4.840um 3.070um 4.950um
 3.070um 4.840um 3.330um 4.950um
 3.330um 4.840um 3.870um 4.950um
 3.870um 4.840um 4.130um 4.950um
 4.130um 4.840um 4.670um 4.950um
 4.670um 4.840um 4.930um 4.950um
 4.930um 4.840um 5.470um 4.950um
 5.470um 4.840um 5.730um 4.950um
 5.730um 4.840um 6.270um 4.950um
 6.270um 4.840um 6.530um 4.950um
 6.530um 4.840um 7.070um 4.950um
 7.070um 4.840um 7.330um 4.950um
 7.330um 4.840um 7.410um 4.950um
 0.000um 4.720um 7.410um 4.840um
 7.410um 4.840um 7.690um 4.950um
 7.410um 4.720um 7.690um 4.840um
----------------------------------------
Metal1 spacing < 0.23um (M1.2a)
----------------------------------------
 -1.170um 4.840um -0.930um 4.900um
 -0.930um 4.855um -0.915um 4.900um
 -0.915um 4.855um -0.685um 4.900um
 -0.685um 4.855um -0.670um 4.900um
 -0.930um 4.840um -0.670um 4.855um
 -0.670um 4.840um -0.440um 4.900um
 -1.170um 4.720um -0.440um 4.840um
 -0.440um 4.840um -0.210um 4.900um
 -0.440um 4.720um -0.210um 4.840um
 5.530um 4.855um 5.715um 4.900um
 5.715um 4.855um 5.730um 4.900um
 5.530um 4.840um 5.730um 4.855um
 5.730um 4.840um 6.260um 4.900um
 5.530um 4.720um 6.260um 4.840um
 6.260um 4.840um 6.270um 4.900um
 6.270um 4.855um 6.285um 4.900um
 6.285um 4.855um 6.490um 4.900um
 6.270um 4.840um 6.490um 4.855um
 6.260um 4.720um 6.490um 4.840um
----------------------------------------

