TOP count: 
----------------------------------------
Via1 width < 0.26um (V1.1)
----------------------------------------
 59.385um -11.020um 59.510um -10.900um
 59.385um -10.900um 59.505um -10.585um
 59.505um -10.900um 59.510um -10.585um
----------------------------------------
Poly spacing to diffusion < 0.1um (PL.5a)
----------------------------------------
 58.655um -11.035um 58.755um -10.970um
 58.655um -11.065um 58.695um -11.035um
 58.695um -11.065um 58.755um -11.035um
 58.655um -11.035um 59.855um -10.970um
 58.655um -11.065um 58.695um -11.035um
 58.695um -11.065um 59.265um -11.035um
 59.265um -11.065um 59.495um -11.035um
 59.495um -11.065um 59.855um -11.035um
 59.755um -11.035um 59.855um -10.970um
 59.755um -11.065um 59.855um -11.035um
----------------------------------------
Poly contact spacing to diffusion < 0.165um (CO.8 - 2 * CO.6)
----------------------------------------
 59.140um -10.830um 59.370um -10.805um
----------------------------------------
Diffusion contact spacing to poly < 0.145um (CO.7 - 2 * CO.6)
----------------------------------------
 59.120um -10.965um 59.495um -10.890um
 58.755um -10.965um 58.840um -10.890um
 59.495um -10.965um 59.640um -10.890um
 58.755um -10.965um 58.840um -10.890um
 59.120um -10.965um 59.495um -10.890um
 59.495um -10.965um 59.640um -10.890um
----------------------------------------
Diffusion contact spacing < 0.24um (CO.2a - 2 * CO.6)
----------------------------------------
 59.140um -10.830um 59.370um -10.795um
----------------------------------------

