
Circuit 1 cell nfet_03v3 and Circuit 2 cell nfet_03v3 are black boxes.
Warning: Equate pins:  cell nfet_03v3 is a placeholder, treated as a black box.
Warning: Equate pins:  cell nfet_03v3 is a placeholder, treated as a black box.

Subcircuit pins:
Circuit 1: nfet_03v3                       |Circuit 2: nfet_03v3                       
-------------------------------------------|-------------------------------------------
1                                          |1                                          
2                                          |2                                          
3                                          |3                                          
4                                          |4                                          
---------------------------------------------------------------------------------------
Cell pin lists are equivalent.
Device classes nfet_03v3 and nfet_03v3 are equivalent.

Circuit 1 cell pfet_03v3 and Circuit 2 cell pfet_03v3 are black boxes.
Warning: Equate pins:  cell pfet_03v3 is a placeholder, treated as a black box.
Warning: Equate pins:  cell pfet_03v3 is a placeholder, treated as a black box.

Subcircuit pins:
Circuit 1: pfet_03v3                       |Circuit 2: pfet_03v3                       
-------------------------------------------|-------------------------------------------
1                                          |1                                          
2                                          |2                                          
3                                          |3                                          
4                                          |4                                          
---------------------------------------------------------------------------------------
Cell pin lists are equivalent.
Device classes pfet_03v3 and pfet_03v3 are equivalent.

Class BIAS_STAGE (0):  Merged 68 parallel devices.
Class BIAS_STAGE (1):  Merged 2 parallel devices.
Subcircuit summary:
Circuit 1: BIAS_STAGE                      |Circuit 2: BIAS_STAGE                      
-------------------------------------------|-------------------------------------------
nfet_03v3 (26->5)                          |nfet_03v3 (26->5)                          
pfet_03v3 (58->11)                         |pfet_03v3 (58->11)                         
Number of devices: 16                      |Number of devices: 16                      
Number of nets: 13                         |Number of nets: 13                         
---------------------------------------------------------------------------------------
Netlists match uniquely.

Subcircuit pins:
Circuit 1: BIAS_STAGE                      |Circuit 2: BIAS_STAGE                      
-------------------------------------------|-------------------------------------------
EN                                         |EN                                         
VOUT                                       |VOUT                                       
VIN                                        |VIN                                        
VDD                                        |VDD                                        
VSS                                        |VSS                                        
---------------------------------------------------------------------------------------
Cell pin lists are equivalent.
Device classes BIAS_STAGE and BIAS_STAGE are equivalent.

Final result: Circuits match uniquely.
.
